<?xml version="1.0" encoding="utf-8"?><testsuite errors="0" failures="0" name="pytest" skips="0" tests="10" time="0.709"><testcase classname="pytests.test_index" file="pytests/test_index.py" line="9" name="test_greenville_population" time="0.0007507801055908203"></testcase><testcase classname="pytests.test_index" file="pytests/test_index.py" line="12" name="test_greenville_area" time="0.0005826950073242188"></testcase><testcase classname="pytests.test_index" file="pytests/test_index.py" line="15" name="test_city_keys" time="0.0005867481231689453"></testcase><testcase classname="pytests.test_index" file="pytests/test_index.py" line="18" name="test_city_values" time="0.0005586147308349609"></testcase><testcase classname="pytests.test_index" file="pytests/test_index.py" line="21" name="test_salina" time="0.0005972385406494141"></testcase><testcase classname="pytests.test_index" file="pytests/test_index.py" line="24" name="test_los_cabos_pop" time="0.0008547306060791016"></testcase><testcase classname="pytests.test_index" file="pytests/test_index.py" line="27" name="test_city_count" time="0.0005574226379394531"></testcase><testcase classname="pytests.test_index" file="pytests/test_index.py" line="30" name="test_change_spelling" time="0.0005674362182617188"></testcase><testcase classname="pytests.test_index" file="pytests/test_index.py" line="33" name="test_pyeongchang_keys" time="0.0005540847778320312"></testcase><testcase classname="pytests.test_index" file="pytests/test_index.py" line="37" name="test_pyeongchang_values" time="0.0005865097045898438"></testcase></testsuite>